[2015-10-01 19:34:36] START
[2015-10-01 19:36:15] EDIT red_social/models/db.py: 1
[2015-10-01 19:37:02] EDIT red_social/models/db.py: -1
[2015-10-01 19:38:19] EDIT red_social/private/appconfig.ini: 0
[2015-10-01 19:39:08] EDIT red_social/private/appconfig.ini: 0
[2015-10-01 19:40:23] EDIT red_social/private/appconfig.ini: 0
[2015-10-01 19:42:20] EDIT red_social/private/appconfig.ini: 0
[2015-10-01 19:48:51] EDIT red_social/models/db.py: 3
[2015-10-01 19:50:39] EDIT red_social/models/db.py: 1
[2015-10-01 19:51:24] EDIT red_social/models/db.py: 0
[2015-10-01 19:52:56] EDIT red_social/models/db.py: 0
[2015-10-01 20:00:54] EDIT red_social/models/db.py: 1
[2015-10-01 20:01:39] EDIT red_social/models/db.py: 11
[2015-10-01 20:02:33] EDIT red_social/models/db.py: 3
[2015-10-01 20:09:04] CREATE perfil.py: 0
[2015-10-01 20:12:11] EDIT red_social/controllers/perfil.py: 1
[2015-10-01 20:12:22] EDIT red_social/controllers/perfil.py: 1
[2015-10-01 20:13:54] EDIT red_social/controllers/perfil.py: 0
[2015-10-01 20:14:21] EDIT red_social/controllers/perfil.py: 1
[2015-10-01 20:15:28] EDIT red_social/controllers/perfil.py: 0
[2015-10-01 20:16:54] EDIT red_social/controllers/perfil.py: 0
[2015-10-01 20:18:02] EDIT red_social/controllers/perfil.py: 0
[2015-10-01 20:19:28] EDIT red_social/controllers/perfil.py: 0
[2015-10-01 20:21:06] EDIT red_social/controllers/perfil.py: 1
[2015-10-01 20:21:37] EDIT red_social/controllers/perfil.py: 0
[2015-10-01 20:22:01] EDIT red_social/controllers/perfil.py: 0
[2015-10-01 20:22:12] EDIT red_social/controllers/perfil.py: 0
[2015-10-01 20:22:46] EDIT red_social/controllers/perfil.py: 1
[2015-10-01 20:23:39] EDIT red_social/controllers/perfil.py: 0
[2015-10-01 20:24:04] EDIT red_social/controllers/perfil.py: 0
[2015-10-01 20:24:18] EDIT red_social/controllers/perfil.py: 0
[2015-10-01 20:24:48] EDIT red_social/controllers/perfil.py: 0
[2015-10-01 20:31:28] EDIT red_social/controllers/perfil.py: 0
[2015-10-01 20:32:07] EDIT red_social/controllers/perfil.py: 0
[2015-10-01 20:32:59] EDIT red_social/controllers/perfil.py: 0
[2015-10-01 20:33:18] EDIT red_social/controllers/perfil.py: 0
[2015-10-01 20:34:01] EDIT red_social/controllers/perfil.py: 0
[2015-10-01 20:34:53] EDIT red_social/controllers/perfil.py: 0
[2015-10-01 20:35:21] EDIT red_social/controllers/perfil.py: 0
[2015-10-01 20:35:55] EDIT red_social/controllers/perfil.py: 0
[2015-10-01 20:38:13] EDIT red_social/controllers/perfil.py: 0
[2015-10-01 20:38:42] EDIT red_social/controllers/perfil.py: 0
[2015-10-01 20:39:17] EDIT red_social/controllers/perfil.py: 1
[2015-10-01 20:39:40] EDIT red_social/controllers/perfil.py: 0
[2015-10-01 20:40:06] EDIT red_social/controllers/perfil.py: -2
[2015-10-01 20:40:32] EDIT red_social/controllers/perfil.py: 0
[2015-10-01 20:40:52] EDIT red_social/controllers/perfil.py: 0
[2015-10-01 20:41:38] EDIT red_social/controllers/perfil.py: 1
[2015-10-01 20:44:44] EDIT red_social/controllers/perfil.py: 0
[2015-10-01 20:45:14] EDIT red_social/controllers/perfil.py: 0
[2015-10-01 20:45:41] EDIT red_social/controllers/perfil.py: 0
[2015-10-01 20:46:28] EDIT red_social/controllers/perfil.py: 1
[2015-10-01 20:46:58] EDIT red_social/controllers/perfil.py: 0
[2015-10-01 20:47:39] EDIT red_social/controllers/perfil.py: -1
[2015-10-01 20:47:54] EDIT red_social/controllers/perfil.py: 0
[2015-10-01 20:51:18] EDIT red_social/controllers/perfil.py: 0
[2015-10-01 20:51:56] EDIT red_social/controllers/perfil.py: 0
[2015-10-01 20:55:10] EDIT red_social/controllers/perfil.py: 0
[2015-10-01 20:56:04] EDIT red_social/controllers/perfil.py: 0
[2015-10-01 20:57:24] EDIT red_social/controllers/perfil.py: 2
[2015-10-01 20:57:27] EDIT red_social/controllers/perfil.py: 0
[2015-10-01 20:58:23] EDIT red_social/controllers/perfil.py: 2
[2015-10-01 20:58:31] EDIT red_social/controllers/perfil.py: 0
[2015-10-01 21:00:08] EDIT red_social/controllers/perfil.py: 1
[2015-10-01 21:00:48] EDIT red_social/controllers/perfil.py: 0
[2015-10-01 21:01:12] EDIT red_social/controllers/perfil.py: 0
[2015-10-01 21:01:37] EDIT red_social/controllers/perfil.py: 1
[2015-10-01 21:01:58] EDIT red_social/controllers/perfil.py: 1
[2015-10-01 21:03:03] EDIT red_social/controllers/perfil.py: 0
[2015-10-01 21:04:23] EDIT red_social/controllers/perfil.py: 0
[2015-10-01 21:08:43] EDIT red_social/controllers/perfil.py: 0
[2015-10-01 21:08:55] EDIT red_social/controllers/perfil.py: 0
[2015-10-01 21:09:53] EDIT red_social/controllers/perfil.py: 0
[2015-10-01 21:10:13] EDIT red_social/controllers/perfil.py: 0
[2015-10-01 21:11:12] EDIT red_social/controllers/perfil.py: 0
[2015-10-01 21:11:59] EDIT red_social/controllers/perfil.py: 0
[2015-10-01 21:12:19] EDIT red_social/controllers/perfil.py: 0
[2015-10-01 21:12:31] EDIT red_social/controllers/perfil.py: 0
[2015-10-01 21:19:53] EDIT red_social/static/css/web2py-bootstrap3.css: 4
[2015-10-01 21:20:06] EDIT red_social/static/css/web2py-bootstrap3.css: 0
[2015-10-01 21:27:21] EDIT red_social/controllers/default.py: 0
[2015-10-01 21:28:09] EDIT red_social/controllers/default.py: 0
[2015-10-01 21:30:02] EDIT red_social/controllers/default.py: 0
[2015-10-01 21:34:10] EDIT red_social/models/menu.py: 0
[2015-10-01 21:34:29] EDIT red_social/models/menu.py: 0
[2015-10-01 21:41:10] EDIT red_social/controllers/perfil.py: 0
[2015-10-01 21:45:06] EDIT red_social/controllers/perfil.py: 0
[2015-10-01 21:57:36] EDIT red_social/controllers/default.py: -7
[2015-10-01 21:57:54] EDIT red_social/controllers/default.py: 0
[2015-10-01 22:02:30] EDIT red_social/controllers/default.py: 0
[2015-10-01 22:04:44] EDIT red_social/models/menu.py: -2
[2015-10-01 22:05:09] EDIT red_social/models/menu.py: 0
[2015-10-01 22:05:32] EDIT red_social/models/menu.py: 0
[2015-10-01 22:06:25] EDIT red_social/models/menu.py: 0
[2015-10-01 22:06:43] EDIT red_social/models/menu.py: 0
[2015-10-01 22:07:58] EDIT red_social/models/menu.py: 0
[2015-10-01 22:12:56] UPLOAD /home/juliana/web2py/applications/red_social/static/logoucc.ico: 6
[2015-10-01 22:13:29] DELETE red_social/static/logoucc.ico: -6
[2015-10-01 22:14:08] UPLOAD /home/juliana/web2py/applications/red_social/static/static/images/logoucc.ico: 6
[2015-10-01 22:14:44] DELETE red_social/static/static/images/logoucc.ico: -6
[2015-10-01 22:15:03] UPLOAD /home/juliana/web2py/applications/red_social/static/images/logoucc.ico: 6
[2015-10-01 22:15:38] EDIT red_social/views/layout.html: 0
[2015-10-01 22:17:26] EDIT red_social/views/layout.html: -4
[2015-10-01 22:19:36] CREATE perfil/index.html: 0
[2015-10-01 22:19:52] EDIT red_social/views/perfil/index.html: 0
[2015-10-01 22:20:21] EDIT red_social/views/perfil/index.html: -1
[2015-10-01 22:25:19] EDIT red_social/views/perfil/index.html: 2
[2015-10-01 22:25:58] EDIT red_social/views/layout.html: 0
[2015-10-01 22:34:22] EDIT red_social/static/css/web2py-bootstrap3.css: 3
[2015-10-01 22:36:30] EDIT red_social/static/css/web2py-bootstrap3.css: 1
[2015-10-01 22:43:55] EDIT red_social/static/css/web2py-bootstrap3.css: 1
[2015-10-01 22:44:48] EDIT red_social/static/css/web2py-bootstrap3.css: 0
[2015-10-01 22:45:22] EDIT red_social/static/css/web2py-bootstrap3.css: 0
[2015-10-01 23:01:41] EDIT red_social/static/css/web2py-bootstrap3.css: 1
[2015-10-01 23:02:55] EDIT red_social/static/css/web2py-bootstrap3.css: 0
[2015-10-01 23:22:46] EDIT red_social/static/css/web2py-bootstrap3.css: 1
[2015-10-01 23:25:36] EDIT red_social/static/css/web2py-bootstrap3.css: 0
[2015-10-01 23:26:16] EDIT red_social/static/css/web2py-bootstrap3.css: 4
[2015-10-02 01:19:04] CREATE logica.py: 0
[2015-10-02 01:20:28] EDIT red_social/models/logica.py: 13
[2015-10-02 01:24:33] EDIT red_social/views/perfil/index.html: 3
[2015-10-02 01:26:02] EDIT red_social/controllers/perfil.py: -4
[2015-10-02 01:26:19] EDIT red_social/views/perfil/index.html: 0
[2015-10-02 01:26:36] EDIT red_social/controllers/perfil.py: 0
[2015-10-02 01:27:40] EDIT red_social/controllers/perfil.py: 1
[2015-10-02 01:28:48] EDIT red_social/views/perfil/index.html: 0
[2015-10-02 01:32:19] EDIT red_social/models/menu.py: 0
[2015-10-02 01:32:47] EDIT red_social/models/menu.py: 0
[2015-10-02 01:33:08] EDIT red_social/models/menu.py: 0
[2015-10-02 01:34:42] EDIT red_social/models/menu.py: 0
[2015-10-02 20:53:43] EDIT red_social/models/db.py: 3
[2015-10-02 20:55:30] EDIT red_social/models/logica.py: -2
[2015-10-02 20:57:54] EDIT red_social/controllers/perfil.py: -2
[2015-10-02 20:59:25] EDIT red_social/models/db.py: 0
[2015-10-02 21:06:12] EDIT red_social/models/logica.py: 0
[2015-10-02 21:07:34] EDIT red_social/models/logica.py: 0
[2015-10-02 21:11:07] EDIT red_social/views/perfil/index.html: 3
[2015-10-02 21:12:26] EDIT red_social/views/perfil/index.html: 0
[2015-10-02 21:25:08] EDIT red_social/controllers/perfil.py: 5
[2015-10-02 21:29:46] CREATE perfil/ver.html: 0
[2015-10-02 21:30:02] EDIT red_social/views/perfil/ver.html: 11
[2015-10-02 21:31:07] EDIT red_social/views/perfil/ver.html: 0
[2015-10-02 21:32:28] EDIT red_social/controllers/perfil.py: 5
[2015-10-02 21:33:23] EDIT red_social/controllers/perfil.py: 0
[2015-10-02 21:35:23] EDIT red_social/views/perfil/ver.html: 0
[2015-10-02 21:40:47] EDIT red_social/controllers/perfil.py: -3
[2015-10-02 21:42:06] EDIT red_social/controllers/perfil.py: 0
[2015-10-02 21:44:18] EDIT red_social/views/perfil/index.html: 4
[2015-10-02 21:48:08] EDIT red_social/models/logica.py: 0
[2015-10-02 21:49:57] EDIT red_social/views/perfil/index.html: 0
[2015-10-02 21:50:19] EDIT red_social/views/perfil/index.html: 0
[2015-10-02 21:54:20] EDIT red_social/views/perfil/index.html: 0
[2015-10-02 21:55:51] EDIT red_social/views/perfil/index.html: 0
[2015-10-02 21:57:15] EDIT red_social/views/perfil/ver.html: 0
[2015-10-03 17:58:24] EDIT red_social/models/menu.py: 0
[2015-10-03 19:08:31] EDIT red_social/models/db.py: 1
[2015-10-03 19:12:25] EDIT red_social/models/db.py: -1
[2015-10-03 19:13:14] EDIT red_social/models/db.py: 0
[2015-10-03 19:14:46] EDIT red_social/models/db.py: 0
[2015-10-03 19:19:41] EDIT red_social/models/db.py: 0
